{"/home/eddylson/Projects/WChallenge-cryptocurrencies-monitor/src/app.js": {"path":"/home/eddylson/Projects/WChallenge-cryptocurrencies-monitor/src/app.js","statementMap":{"0":{"start":{"line":11,"column":10},"end":{"line":11,"column":14}},"1":{"start":{"line":12,"column":13},"end":{"line":12,"column":32}},"2":{"start":{"line":17,"column":2},"end":{"line":17,"column":18}},"3":{"start":{"line":18,"column":17},"end":{"line":18,"column":31}},"4":{"start":{"line":21,"column":2},"end":{"line":21,"column":26}},"5":{"start":{"line":22,"column":2},"end":{"line":22,"column":20}},"6":{"start":{"line":23,"column":2},"end":{"line":23,"column":30}},"7":{"start":{"line":24,"column":2},"end":{"line":24,"column":19}},"8":{"start":{"line":25,"column":2},"end":{"line":25,"column":24}},"9":{"start":{"line":28,"column":17},"end":{"line":28,"column":46}},"10":{"start":{"line":29,"column":17},"end":{"line":29,"column":33}},"11":{"start":{"line":30,"column":2},"end":{"line":30,"column":36}},"12":{"start":{"line":31,"column":2},"end":{"line":31,"column":37}},"13":{"start":{"line":33,"column":2},"end":{"line":33,"column":18}},"14":{"start":{"line":34,"column":2},"end":{"line":34,"column":18}},"15":{"start":{"line":36,"column":2},"end":{"line":38,"column":5}},"16":{"start":{"line":37,"column":4},"end":{"line":37,"column":34}},"17":{"start":{"line":41,"column":0},"end":{"line":41,"column":6}}},"fnMap":{"0":{"name":"run","decl":{"start":{"line":14,"column":9},"end":{"line":14,"column":12}},"loc":{"start":{"line":14,"column":15},"end":{"line":39,"column":1}},"line":14},"1":{"name":"(anonymous_1)","decl":{"start":{"line":36,"column":19},"end":{"line":36,"column":20}},"loc":{"start":{"line":36,"column":25},"end":{"line":38,"column":3}},"line":36}},"branchMap":{"0":{"loc":{"start":{"line":12,"column":13},"end":{"line":12,"column":32}},"type":"binary-expr","locations":[{"start":{"line":12,"column":13},"end":{"line":12,"column":24}},{"start":{"line":12,"column":28},"end":{"line":12,"column":32}}],"line":12}},"s":{"0":1,"1":1,"2":1,"3":1,"4":1,"5":1,"6":1,"7":1,"8":1,"9":1,"10":1,"11":1,"12":1,"13":1,"14":1,"15":1,"16":1,"17":1},"f":{"0":1,"1":1},"b":{"0":[1,1]},"_coverageSchema":"1a1c01bbd47fc00a2c39e90264f33305004495a9","hash":"4db4109a7ab28cb0b979fa544d38533b8eb6a810"}
,"/home/eddylson/Projects/WChallenge-cryptocurrencies-monitor/src/config/config.js": {"path":"/home/eddylson/Projects/WChallenge-cryptocurrencies-monitor/src/config/config.js","statementMap":{"0":{"start":{"line":1,"column":22},"end":{"line":8,"column":1}}},"fnMap":{},"branchMap":{"0":{"loc":{"start":{"line":2,"column":16},"end":{"line":2,"column":58}},"type":"binary-expr","locations":[{"start":{"line":2,"column":16},"end":{"line":2,"column":40}},{"start":{"line":2,"column":44},"end":{"line":2,"column":58}}],"line":2},"1":{"loc":{"start":{"line":4,"column":4},"end":{"line":4,"column":64}},"type":"binary-expr","locations":[{"start":{"line":4,"column":4},"end":{"line":4,"column":37}},{"start":{"line":4,"column":41},"end":{"line":4,"column":64}}],"line":4},"2":{"loc":{"start":{"line":5,"column":15},"end":{"line":5,"column":46}},"type":"binary-expr","locations":[{"start":{"line":5,"column":15},"end":{"line":5,"column":38}},{"start":{"line":5,"column":42},"end":{"line":5,"column":46}}],"line":5},"3":{"loc":{"start":{"line":6,"column":14},"end":{"line":6,"column":49}},"type":"binary-expr","locations":[{"start":{"line":6,"column":14},"end":{"line":6,"column":36}},{"start":{"line":6,"column":40},"end":{"line":6,"column":49}}],"line":6},"4":{"loc":{"start":{"line":7,"column":21},"end":{"line":7,"column":65}},"type":"binary-expr","locations":[{"start":{"line":7,"column":21},"end":{"line":7,"column":50}},{"start":{"line":7,"column":54},"end":{"line":7,"column":65}}],"line":7}},"s":{"0":1},"f":{},"b":{"0":[1,1],"1":[1,1],"2":[1,1],"3":[1,1],"4":[1,1]},"_coverageSchema":"1a1c01bbd47fc00a2c39e90264f33305004495a9","hash":"ba52142c76360eab0ae512b5ea8d1bdab15637d3"}
,"/home/eddylson/Projects/WChallenge-cryptocurrencies-monitor/src/controllers/user/user.js": {"path":"/home/eddylson/Projects/WChallenge-cryptocurrencies-monitor/src/controllers/user/user.js","statementMap":{"0":{"start":{"line":4,"column":19},"end":{"line":4,"column":21}},"1":{"start":{"line":5,"column":2},"end":{"line":27,"column":4}},"2":{"start":{"line":7,"column":6},"end":{"line":25,"column":7}},"3":{"start":{"line":8,"column":73},"end":{"line":8,"column":76}},"4":{"start":{"line":9,"column":25},"end":{"line":11,"column":9}},"5":{"start":{"line":12,"column":21},"end":{"line":12,"column":50}},"6":{"start":{"line":15,"column":8},"end":{"line":22,"column":11}},"7":{"start":{"line":24,"column":8},"end":{"line":24,"column":25}}},"fnMap":{"0":{"name":"(anonymous_0)","decl":{"start":{"line":3,"column":15},"end":{"line":3,"column":16}},"loc":{"start":{"line":3,"column":39},"end":{"line":28,"column":1}},"line":3},"1":{"name":"(anonymous_1)","decl":{"start":{"line":6,"column":4},"end":{"line":6,"column":5}},"loc":{"start":{"line":6,"column":33},"end":{"line":26,"column":5}},"line":6}},"branchMap":{},"s":{"0":1,"1":1,"2":1,"3":1,"4":1,"5":1,"6":1,"7":0},"f":{"0":1,"1":1},"b":{},"_coverageSchema":"1a1c01bbd47fc00a2c39e90264f33305004495a9","hash":"7ba178a2641ae62fb124dd47ef6f3f4033ebf8a7"}
,"/home/eddylson/Projects/WChallenge-cryptocurrencies-monitor/src/helper/error.js": {"path":"/home/eddylson/Projects/WChallenge-cryptocurrencies-monitor/src/helper/error.js","statementMap":{"0":{"start":{"line":1,"column":12},"end":{"line":1,"column":49}},"1":{"start":{"line":4,"column":2},"end":{"line":4,"column":19}},"2":{"start":{"line":5,"column":2},"end":{"line":5,"column":19}},"3":{"start":{"line":6,"column":2},"end":{"line":6,"column":25}},"4":{"start":{"line":7,"column":2},"end":{"line":9,"column":4}},"5":{"start":{"line":8,"column":4},"end":{"line":8,"column":50}},"6":{"start":{"line":8,"column":31},"end":{"line":8,"column":50}},"7":{"start":{"line":10,"column":2},"end":{"line":10,"column":17}}},"fnMap":{"0":{"name":"(anonymous_0)","decl":{"start":{"line":3,"column":15},"end":{"line":3,"column":16}},"loc":{"start":{"line":3,"column":47},"end":{"line":11,"column":1}},"line":3},"1":{"name":"(anonymous_1)","decl":{"start":{"line":7,"column":17},"end":{"line":7,"column":18}},"loc":{"start":{"line":7,"column":29},"end":{"line":9,"column":3}},"line":7}},"branchMap":{"0":{"loc":{"start":{"line":1,"column":12},"end":{"line":1,"column":49}},"type":"binary-expr","locations":[{"start":{"line":1,"column":12},"end":{"line":1,"column":32}},{"start":{"line":1,"column":36},"end":{"line":1,"column":49}}],"line":1},"1":{"loc":{"start":{"line":8,"column":4},"end":{"line":8,"column":50}},"type":"if","locations":[{"start":{"line":8,"column":4},"end":{"line":8,"column":50}},{"start":{"line":8,"column":4},"end":{"line":8,"column":50}}],"line":8}},"s":{"0":1,"1":0,"2":0,"3":0,"4":0,"5":0,"6":0,"7":0},"f":{"0":0,"1":0},"b":{"0":[1,0],"1":[0,0]},"_coverageSchema":"1a1c01bbd47fc00a2c39e90264f33305004495a9","hash":"a24c9f08566d2e8dc1244533ea1976bd12035df4"}
,"/home/eddylson/Projects/WChallenge-cryptocurrencies-monitor/src/helper/response.js": {"path":"/home/eddylson/Projects/WChallenge-cryptocurrencies-monitor/src/helper/response.js","statementMap":{"0":{"start":{"line":2,"column":2},"end":{"line":11,"column":4}},"1":{"start":{"line":3,"column":21},"end":{"line":9,"column":9}},"2":{"start":{"line":10,"column":4},"end":{"line":10,"column":58}}},"fnMap":{"0":{"name":"(anonymous_0)","decl":{"start":{"line":1,"column":15},"end":{"line":1,"column":16}},"loc":{"start":{"line":1,"column":35},"end":{"line":12,"column":1}},"line":1},"1":{"name":"(anonymous_1)","decl":{"start":{"line":2,"column":9},"end":{"line":2,"column":10}},"loc":{"start":{"line":2,"column":57},"end":{"line":11,"column":3}},"line":2}},"branchMap":{"0":{"loc":{"start":{"line":3,"column":21},"end":{"line":9,"column":9}},"type":"cond-expr","locations":[{"start":{"line":4,"column":8},"end":{"line":4,"column":80}},{"start":{"line":5,"column":8},"end":{"line":9,"column":9}}],"line":3},"1":{"loc":{"start":{"line":4,"column":61},"end":{"line":4,"column":78}},"type":"binary-expr","locations":[{"start":{"line":4,"column":61},"end":{"line":4,"column":71}},{"start":{"line":4,"column":75},"end":{"line":4,"column":78}}],"line":4},"2":{"loc":{"start":{"line":8,"column":22},"end":{"line":8,"column":46}},"type":"binary-expr","locations":[{"start":{"line":8,"column":22},"end":{"line":8,"column":32}},{"start":{"line":8,"column":36},"end":{"line":8,"column":46}}],"line":8}},"s":{"0":1,"1":1,"2":1},"f":{"0":1,"1":1},"b":{"0":[1,0],"1":[1,0],"2":[0,0]},"_coverageSchema":"1a1c01bbd47fc00a2c39e90264f33305004495a9","hash":"ea5c7ce822dcae0fdf0825550c4a4515158f4c32"}
,"/home/eddylson/Projects/WChallenge-cryptocurrencies-monitor/src/middlewares/_404.js": {"path":"/home/eddylson/Projects/WChallenge-cryptocurrencies-monitor/src/middlewares/_404.js","statementMap":{"0":{"start":{"line":5,"column":2},"end":{"line":13,"column":4}},"1":{"start":{"line":6,"column":4},"end":{"line":12,"column":7}}},"fnMap":{"0":{"name":"_404","decl":{"start":{"line":4,"column":24},"end":{"line":4,"column":28}},"loc":{"start":{"line":4,"column":31},"end":{"line":14,"column":1}},"line":4},"1":{"name":"(anonymous_1)","decl":{"start":{"line":5,"column":9},"end":{"line":5,"column":10}},"loc":{"start":{"line":5,"column":35},"end":{"line":13,"column":3}},"line":5}},"branchMap":{},"s":{"0":1,"1":0},"f":{"0":1,"1":0},"b":{},"_coverageSchema":"1a1c01bbd47fc00a2c39e90264f33305004495a9","hash":"4bc114ab8f9ef9ce187843c3cb62d082eb436a3c"}
,"/home/eddylson/Projects/WChallenge-cryptocurrencies-monitor/src/middlewares/_500.js": {"path":"/home/eddylson/Projects/WChallenge-cryptocurrencies-monitor/src/middlewares/_500.js","statementMap":{"0":{"start":{"line":5,"column":2},"end":{"line":13,"column":4}},"1":{"start":{"line":6,"column":4},"end":{"line":12,"column":7}}},"fnMap":{"0":{"name":"_500","decl":{"start":{"line":4,"column":24},"end":{"line":4,"column":28}},"loc":{"start":{"line":4,"column":31},"end":{"line":14,"column":1}},"line":4},"1":{"name":"(anonymous_1)","decl":{"start":{"line":5,"column":9},"end":{"line":5,"column":10}},"loc":{"start":{"line":5,"column":40},"end":{"line":13,"column":3}},"line":5}},"branchMap":{},"s":{"0":1,"1":0},"f":{"0":1,"1":0},"b":{},"_coverageSchema":"1a1c01bbd47fc00a2c39e90264f33305004495a9","hash":"54ca9264588ba3a8e4ea7355d74ef1f2e6401665"}
,"/home/eddylson/Projects/WChallenge-cryptocurrencies-monitor/src/middlewares/langs.js": {"path":"/home/eddylson/Projects/WChallenge-cryptocurrencies-monitor/src/middlewares/langs.js","statementMap":{"0":{"start":{"line":6,"column":26},"end":{"line":6,"column":56}},"1":{"start":{"line":7,"column":2},"end":{"line":15,"column":4}},"2":{"start":{"line":8,"column":22},"end":{"line":12,"column":5}},"3":{"start":{"line":9,"column":19},"end":{"line":9,"column":69}},"4":{"start":{"line":10,"column":19},"end":{"line":10,"column":74}},"5":{"start":{"line":11,"column":6},"end":{"line":11,"column":40}},"6":{"start":{"line":13,"column":4},"end":{"line":13,"column":30}},"7":{"start":{"line":14,"column":4},"end":{"line":14,"column":18}}},"fnMap":{"0":{"name":"(anonymous_0)","decl":{"start":{"line":5,"column":15},"end":{"line":5,"column":16}},"loc":{"start":{"line":5,"column":21},"end":{"line":16,"column":1}},"line":5},"1":{"name":"(anonymous_1)","decl":{"start":{"line":7,"column":9},"end":{"line":7,"column":10}},"loc":{"start":{"line":7,"column":35},"end":{"line":15,"column":3}},"line":7},"2":{"name":"(anonymous_2)","decl":{"start":{"line":8,"column":22},"end":{"line":8,"column":23}},"loc":{"start":{"line":8,"column":40},"end":{"line":12,"column":5}},"line":8}},"branchMap":{"0":{"loc":{"start":{"line":6,"column":26},"end":{"line":6,"column":56}},"type":"binary-expr","locations":[{"start":{"line":6,"column":26},"end":{"line":6,"column":48}},{"start":{"line":6,"column":52},"end":{"line":6,"column":56}}],"line":6},"1":{"loc":{"start":{"line":9,"column":19},"end":{"line":9,"column":69}},"type":"binary-expr","locations":[{"start":{"line":9,"column":19},"end":{"line":9,"column":50}},{"start":{"line":9,"column":54},"end":{"line":9,"column":69}}],"line":9},"2":{"loc":{"start":{"line":10,"column":19},"end":{"line":10,"column":74}},"type":"cond-expr","locations":[{"start":{"line":10,"column":52},"end":{"line":10,"column":68}},{"start":{"line":10,"column":71},"end":{"line":10,"column":74}}],"line":10},"3":{"loc":{"start":{"line":10,"column":19},"end":{"line":10,"column":49}},"type":"binary-expr","locations":[{"start":{"line":10,"column":19},"end":{"line":10,"column":29}},{"start":{"line":10,"column":33},"end":{"line":10,"column":49}}],"line":10}},"s":{"0":1,"1":1,"2":1,"3":1,"4":1,"5":1,"6":1,"7":1},"f":{"0":1,"1":1,"2":1},"b":{"0":[1,1],"1":[1,1],"2":[1,0],"3":[1,1]},"_coverageSchema":"1a1c01bbd47fc00a2c39e90264f33305004495a9","hash":"e297af7d6c3fb36d916c9983d2adc724b9d195b7"}
,"/home/eddylson/Projects/WChallenge-cryptocurrencies-monitor/src/middlewares/validate.js": {"path":"/home/eddylson/Projects/WChallenge-cryptocurrencies-monitor/src/middlewares/validate.js","statementMap":{"0":{"start":{"line":3,"column":26},"end":{"line":3,"column":47}},"1":{"start":{"line":4,"column":2},"end":{"line":20,"column":3}},"2":{"start":{"line":5,"column":21},"end":{"line":5,"column":23}},"3":{"start":{"line":6,"column":16},"end":{"line":6,"column":39}},"4":{"start":{"line":7,"column":26},"end":{"line":7,"column":36}},"5":{"start":{"line":9,"column":4},"end":{"line":14,"column":5}},"6":{"start":{"line":9,"column":17},"end":{"line":9,"column":18}},"7":{"start":{"line":10,"column":6},"end":{"line":12,"column":7}},"8":{"start":{"line":11,"column":8},"end":{"line":11,"column":36}},"9":{"start":{"line":13,"column":6},"end":{"line":13,"column":46}},"10":{"start":{"line":15,"column":4},"end":{"line":19,"column":7}},"11":{"start":{"line":21,"column":2},"end":{"line":21,"column":16}}},"fnMap":{"0":{"name":"(anonymous_0)","decl":{"start":{"line":2,"column":15},"end":{"line":2,"column":16}},"loc":{"start":{"line":2,"column":41},"end":{"line":22,"column":1}},"line":2}},"branchMap":{"0":{"loc":{"start":{"line":4,"column":2},"end":{"line":20,"column":3}},"type":"if","locations":[{"start":{"line":4,"column":2},"end":{"line":20,"column":3}},{"start":{"line":4,"column":2},"end":{"line":20,"column":3}}],"line":4},"1":{"loc":{"start":{"line":10,"column":6},"end":{"line":12,"column":7}},"type":"if","locations":[{"start":{"line":10,"column":6},"end":{"line":12,"column":7}},{"start":{"line":10,"column":6},"end":{"line":12,"column":7}}],"line":10}},"s":{"0":1,"1":1,"2":0,"3":0,"4":0,"5":0,"6":0,"7":0,"8":0,"9":0,"10":0,"11":1},"f":{"0":1},"b":{"0":[0,1],"1":[0,0]},"_coverageSchema":"1a1c01bbd47fc00a2c39e90264f33305004495a9","hash":"1297eda6985464a4a151c0275f294ad621de3f0f"}
,"/home/eddylson/Projects/WChallenge-cryptocurrencies-monitor/src/models/index.js": {"path":"/home/eddylson/Projects/WChallenge-cryptocurrencies-monitor/src/models/index.js","statementMap":{},"fnMap":{},"branchMap":{},"s":{},"f":{},"b":{},"_coverageSchema":"1a1c01bbd47fc00a2c39e90264f33305004495a9","hash":"d78fca228fdde5a3e7eb321c4294eace8979e5ff"}
,"/home/eddylson/Projects/WChallenge-cryptocurrencies-monitor/src/routes/index.js": {"path":"/home/eddylson/Projects/WChallenge-cryptocurrencies-monitor/src/routes/index.js","statementMap":{"0":{"start":{"line":4,"column":2},"end":{"line":6,"column":4}},"1":{"start":{"line":7,"column":2},"end":{"line":12,"column":4}},"2":{"start":{"line":8,"column":18},"end":{"line":8,"column":42}},"3":{"start":{"line":9,"column":4},"end":{"line":11,"column":5}},"4":{"start":{"line":9,"column":17},"end":{"line":9,"column":18}},"5":{"start":{"line":10,"column":6},"end":{"line":10,"column":64}},"6":{"start":{"line":13,"column":2},"end":{"line":13,"column":19}}},"fnMap":{"0":{"name":"(anonymous_0)","decl":{"start":{"line":3,"column":15},"end":{"line":3,"column":16}},"loc":{"start":{"line":3,"column":51},"end":{"line":14,"column":1}},"line":3},"1":{"name":"(anonymous_1)","decl":{"start":{"line":7,"column":19},"end":{"line":7,"column":20}},"loc":{"start":{"line":7,"column":31},"end":{"line":12,"column":3}},"line":7}},"branchMap":{"0":{"loc":{"start":{"line":3,"column":34},"end":{"line":3,"column":49}},"type":"default-arg","locations":[{"start":{"line":3,"column":45},"end":{"line":3,"column":49}}],"line":3}},"s":{"0":1,"1":1,"2":1,"3":1,"4":1,"5":1,"6":1},"f":{"0":1,"1":1},"b":{"0":[0]},"_coverageSchema":"1a1c01bbd47fc00a2c39e90264f33305004495a9","hash":"2fa005822d6a75df47ead908362b9363fd883478"}
,"/home/eddylson/Projects/WChallenge-cryptocurrencies-monitor/src/routes/user.js": {"path":"/home/eddylson/Projects/WChallenge-cryptocurrencies-monitor/src/routes/user.js","statementMap":{"0":{"start":{"line":5,"column":17},"end":{"line":5,"column":29}},"1":{"start":{"line":6,"column":25},"end":{"line":6,"column":53}},"2":{"start":{"line":7,"column":20},"end":{"line":7,"column":42}},"3":{"start":{"line":9,"column":2},"end":{"line":9,"column":66}},"4":{"start":{"line":10,"column":2},"end":{"line":10,"column":16}}},"fnMap":{"0":{"name":"(anonymous_0)","decl":{"start":{"line":4,"column":15},"end":{"line":4,"column":16}},"loc":{"start":{"line":4,"column":44},"end":{"line":11,"column":1}},"line":4}},"branchMap":{},"s":{"0":1,"1":1,"2":1,"3":1,"4":1},"f":{"0":1},"b":{},"_coverageSchema":"1a1c01bbd47fc00a2c39e90264f33305004495a9","hash":"43ffa4ba26bbc1170d836d4c44c1c5e894383551"}
,"/home/eddylson/Projects/WChallenge-cryptocurrencies-monitor/src/validators/user.js": {"path":"/home/eddylson/Projects/WChallenge-cryptocurrencies-monitor/src/validators/user.js","statementMap":{"0":{"start":{"line":5,"column":4},"end":{"line":31,"column":5}},"1":{"start":{"line":25,"column":43},"end":{"line":25,"column":75}}},"fnMap":{"0":{"name":"(anonymous_0)","decl":{"start":{"line":4,"column":15},"end":{"line":4,"column":16}},"loc":{"start":{"line":4,"column":39},"end":{"line":32,"column":1}},"line":4},"1":{"name":"(anonymous_1)","decl":{"start":{"line":25,"column":20},"end":{"line":25,"column":21}},"loc":{"start":{"line":25,"column":43},"end":{"line":25,"column":75}},"line":25}},"branchMap":{},"s":{"0":1,"1":1},"f":{"0":1,"1":1},"b":{},"_coverageSchema":"1a1c01bbd47fc00a2c39e90264f33305004495a9","hash":"d3d36d41c5cbf1b56a0ba4075c3a5201377d6e6c"}
}
